01:09:09 [6]: Calamares::Settings::Settings(const QString&, bool)
    Using Calamares settings file at "/usr/share/calamares/settings.conf" 
    .. Required settings.conf key oem-setup is missing. 
01:09:09 [6]: void Logger::setupLogfile()
    Using log file: "/root/.cache/calamares/session.log" 
01:09:09 [6]: void CalamaresApplication::init()
    Calamares version: 3.3.0.20230917-a7197cb8 
    .. languages: ("ast", "bg", "ca", "cs", "da", "de", "en", "es", "es_AR", "fi", "fr", "hi_IN", "hr", "hu", "id_ID", "it", "ja", "nl_NL", "pl", "pt_BR", "pt_PT", "ro_RO", "ru", "sl", "sr_RS", "sv", "tr_TR") 
01:09:09 [6]: bool CalamaresUtils::initQmlModulesDir()
    Using Calamares QML directory "/usr/share/calamares/qml" 
01:09:09 [6]: Calamares::Branding::Branding(const QString&, QObject*)
    Using Calamares branding file at "/usr/share/calamares/branding/kaos_branding/branding.desc" 
01:09:09 [6]: Calamares::Branding::Branding(const QString&, QObject*)
    Loaded branding component "kaos_branding" 
    .. No translation for "tz_" "en_US" using default (en) 
    .. Loaded QRC translation "calamares_" "en_US" 
    .. STARTUP: initSettings, initQmlPath, initBranding done 
    .. STARTUP: initModuleManager: module init started 
01:09:09 [2]: static Calamares::ModuleSystem::Descriptor Calamares::ModuleSystem::Descriptor::fromDescriptorData(const QVariantMap&, const QString&)
    WARNING: Descriptor file "/usr/lib/calamares/modules/usercfg/module.desc" 
WARNING:     ..  Module descriptor contains extra keys: 
     "requires" 
01:09:09 [6]: void Calamares::ModuleManager::doInit()
    Found 45 modules 
01:09:09 [6]: void CalamaresApplication::initView()
    STARTUP: initModuleManager: all modules init done 
01:09:09 [6]: void CalamaresApplication::initView()
    STARTUP: initJobQueue done 
01:09:09 [6]: CalamaresWindow::CalamaresWindow(QWidget*)
    Available desktop QSize(1920, 1080) minimum size QSize(1024, 520) 
    .. Proposed window size: 1024 630 
01:09:10 [6]: QString CalamaresUtils::searchQmlFile(QmlSearch, const QString&)
    Looking for QML for "calamares-sidebar" 
    .. Looking at QML file "/usr/share/calamares/branding/kaos_branding/calamares-sidebar.qml" 
01:09:10 [2]: file:///usr/share/calamares/branding/kaos_branding/calamares-sidebar.qml:25: TypeError: Cannot read property 'width' of null
01:09:10 [6]: QString CalamaresUtils::searchQmlFile(QmlSearch, const QString&)
    Looking for QML for "calamares-navigation" 
    .. Looking at QML file "/usr/share/calamares/branding/kaos_branding/calamares-navigation.qml" 
01:09:10 [2]: QQmlEngine::setContextForObject(): Object already has a QQmlContext
01:09:10 [2]: QQmlEngine::setContextForObject(): Object already has a QQmlContext
01:09:10 [2]: file:///usr/share/calamares/branding/kaos_branding/calamares-navigation.qml:22: TypeError: Cannot read property 'height' of null
01:09:10 [6]: void CalamaresApplication::initView()
    STARTUP: CalamaresWindow created; loadModules started 
01:09:10 [6]: void Config::initLanguages()
    Trying to match locale "en_US" 
01:09:10 [6]: void Config::initLanguages()
    Trying to match locale QLocale(English, Latin, United States) 
01:09:10 [6]: void Config::setLocaleIndex(int)
    Index 6 Selected locale "en" 
    .. Loading "calamares-kaos_branding_en" from "/usr/share/calamares/branding/kaos_branding/lang" 
    .. Branding using locale: "en" 
    .. No translation for "tz_" "en" using default (en) 
    .. Loaded QRC translation "calamares_" "en" 
01:09:10 [6]: QString CalamaresUtils::searchQmlFile(QmlSearch, const QString&, const Calamares::ModuleSystem::InstanceKey&)
    Looking for QML for "welcomeq@welcomeq" 
    .. Looking at QML file "/usr/share/calamares/branding/kaos_branding/welcomeq@welcomeq.qml" 
    .. Looking at QML file "/usr/share/calamares/branding/kaos_branding/welcomeq.qml" 
    .. Looking at QML file ":/welcomeq@welcomeq.qml" 
    .. Looking at QML file ":/welcomeq.qml" 
01:09:10 [6]: virtual void Calamares::QmlViewStep::setConfigurationMap(const QVariantMap&)
    QmlViewStep "welcomeq@welcomeq" loading "qrc:/welcomeq.qml" 
01:09:10 [6]: virtual void Calamares::ViewModule::loadSelf()
    ViewModule "welcomeq@welcomeq" loading complete. 
01:09:10 [6]: QStringList loadLocales(const QString&)
    Loading locales from "/etc/locale.gen" 
    ..  Read 416 lines 
    ..  After filtering 227 lines 
01:09:10 [2]: virtual void Calamares::QmlViewStep::setConfigurationMap(const QVariantMap&)
    WARNING: Bad QML search mode set for "localeq@localeq" 
01:09:10 [6]: QString CalamaresUtils::searchQmlFile(QmlSearch, const QString&, const Calamares::ModuleSystem::InstanceKey&)
    Looking for QML for "localeq@localeq" 
    .. Looking at QML file "/usr/share/calamares/branding/kaos_branding/localeq@localeq.qml" 
    .. Looking at QML file "/usr/share/calamares/branding/kaos_branding/localeq.qml" 
    .. Looking at QML file ":/localeq@localeq.qml" 
    .. Looking at QML file ":/localeq.qml" 
01:09:10 [6]: virtual void Calamares::QmlViewStep::setConfigurationMap(const QVariantMap&)
    QmlViewStep "localeq@localeq" loading "qrc:/localeq.qml" 
01:09:10 [6]: virtual void Calamares::ViewModule::loadSelf()
    ViewModule "localeq@localeq" loading complete. 
01:09:10 [6]: KeyboardModelsModel::KeyboardModelsModel(QObject*)
    Loaded 189 keyboard models 
01:09:10 [6]: void Config::getCurrentKeyboardLayoutXkb(QString&, QString&, QString&)
    ("pc", "us", "inet(evdev)\"") 
01:09:10 [2]: virtual void Calamares::QmlViewStep::setConfigurationMap(const QVariantMap&)
    WARNING: Bad QML search mode set for "keyboardq@keyboardq" 
01:09:10 [6]: QString CalamaresUtils::searchQmlFile(QmlSearch, const QString&, const Calamares::ModuleSystem::InstanceKey&)
    Looking for QML for "keyboardq@keyboardq" 
    .. Looking at QML file "/usr/share/calamares/branding/kaos_branding/keyboardq@keyboardq.qml" 
    .. Looking at QML file "/usr/share/calamares/branding/kaos_branding/keyboardq.qml" 
    .. Looking at QML file ":/keyboardq@keyboardq.qml" 
    .. Looking at QML file ":/keyboardq.qml" 
01:09:10 [6]: virtual void Calamares::QmlViewStep::setConfigurationMap(const QVariantMap&)
    QmlViewStep "keyboardq@keyboardq" loading "qrc:/keyboardq.qml" 
01:09:10 [6]: virtual void Calamares::ViewModule::loadSelf()
    ViewModule "keyboardq@keyboardq" loading complete. 
01:09:10 [6]: virtual void Config::setConfigurationMap(const QVariantMap&)
    Using module ID "packagechooserq@packagechooserq" 
01:09:10 [2]: virtual void Calamares::QmlViewStep::setConfigurationMap(const QVariantMap&)
    WARNING: Bad QML search mode set for "packagechooserq@packagechooserq" 
01:09:10 [6]: QString CalamaresUtils::searchQmlFile(QmlSearch, const QString&, const Calamares::ModuleSystem::InstanceKey&)
    Looking for QML for "packagechooserq@packagechooserq" 
    .. Looking at QML file "/usr/share/calamares/branding/kaos_branding/packagechooserq@packagechooserq.qml" 
    .. Looking at QML file "/usr/share/calamares/branding/kaos_branding/packagechooserq.qml" 
    .. Looking at QML file ":/packagechooserq@packagechooserq.qml" 
    .. Looking at QML file ":/packagechooserq.qml" 
01:09:10 [6]: virtual void Calamares::QmlViewStep::setConfigurationMap(const QVariantMap&)
    QmlViewStep "packagechooserq@packagechooserq" loading "qrc:/packagechooserq.qml" 
01:09:10 [6]: virtual void Calamares::ViewModule::loadSelf()
    ViewModule "packagechooserq@packagechooserq" loading complete. 
01:09:10 [6]: virtual void Config::setConfigurationMap(const QVariantMap&)
    Using module ID "packagechooserq@audio" 
01:09:10 [2]: virtual void Calamares::QmlViewStep::setConfigurationMap(const QVariantMap&)
    WARNING: Bad QML search mode set for "packagechooserq@audio" 
01:09:10 [6]: QString CalamaresUtils::searchQmlFile(QmlSearch, const QString&, const Calamares::ModuleSystem::InstanceKey&)
    Looking for QML for "packagechooserq@audio" 
    .. Looking at QML file "/usr/share/calamares/branding/kaos_branding/packagechooserq@audio.qml" 
    .. Looking at QML file "/usr/share/calamares/branding/kaos_branding/packagechooserq.qml" 
    .. Looking at QML file ":/packagechooserq@audio.qml" 
01:09:10 [6]: virtual void Calamares::QmlViewStep::setConfigurationMap(const QVariantMap&)
    QmlViewStep "packagechooserq@audio" loading "qrc:/packagechooserq@audio.qml" 
01:09:10 [6]: virtual void Calamares::ViewModule::loadSelf()
    ViewModule "packagechooserq@audio" loading complete. 
01:09:10 [6]: CalamaresUtils::Partition::InternalManager::InternalManager()
    KPMCore backend starting .. 
01:09:10 [6]: Loaded backend plugin:  "pmsfdiskbackendplugin"
    .. Backend @0x1e62590 "pmsfdiskbackendplugin" "1" 
01:09:10 [2]: virtual void PartitionViewStep::setConfigurationMap(const QVariantMap&)
    WARNING: Partition-module setting *defaultPartitionTableType* is unset, will use gpt for efi or msdos for bios 
01:09:10 [6]: virtual void Calamares::ViewModule::loadSelf()
    ViewModule "partition@partition" loading complete. 
01:09:10 [6]: virtual void Config::setConfigurationMap(const QVariantMap&)
    Using module ID "packagechooserq@bootchoice" 
01:09:10 [2]: virtual void Calamares::QmlViewStep::setConfigurationMap(const QVariantMap&)
    WARNING: Bad QML search mode set for "packagechooserq@bootchoice" 
01:09:10 [6]: QString CalamaresUtils::searchQmlFile(QmlSearch, const QString&, const Calamares::ModuleSystem::InstanceKey&)
    Looking for QML for "packagechooserq@bootchoice" 
    .. Looking at QML file "/usr/share/calamares/branding/kaos_branding/packagechooserq@bootchoice.qml" 
    .. Looking at QML file "/usr/share/calamares/branding/kaos_branding/packagechooserq.qml" 
    .. Looking at QML file ":/packagechooserq@bootchoice.qml" 
01:09:10 [6]: virtual void Calamares::QmlViewStep::setConfigurationMap(const QVariantMap&)
    QmlViewStep "packagechooserq@bootchoice" loading "qrc:/packagechooserq@bootchoice.qml" 
01:09:10 [6]: virtual void Calamares::ViewModule::loadSelf()
    ViewModule "packagechooserq@bootchoice" loading complete. 
    .. libpwquality setting "minlen=0" 
    .. libpwquality setting "minclass=0" 
    .. maxLength set to 25 
    .. minLength set to 8 
01:09:10 [2]: virtual void Calamares::QmlViewStep::setConfigurationMap(const QVariantMap&)
    WARNING: Bad QML search mode set for "usersq@usersq" 
01:09:10 [6]: QString CalamaresUtils::searchQmlFile(QmlSearch, const QString&, const Calamares::ModuleSystem::InstanceKey&)
    Looking for QML for "usersq@usersq" 
    .. Looking at QML file "/usr/share/calamares/branding/kaos_branding/usersq@usersq.qml" 
    .. Looking at QML file "/usr/share/calamares/branding/kaos_branding/usersq.qml" 
    .. Looking at QML file ":/usersq@usersq.qml" 
    .. Looking at QML file ":/usersq.qml" 
01:09:10 [6]: virtual void Calamares::QmlViewStep::setConfigurationMap(const QVariantMap&)
    QmlViewStep "usersq@usersq" loading "qrc:/usersq.qml" 
01:09:10 [6]: virtual void Calamares::ViewModule::loadSelf()
    ViewModule "usersq@usersq" loading complete. 
01:09:10 [2]: void Calamares::Module::loadConfigurationFile(const QString&)
    WARNING: No config file for "summaryq" found anywhere at 
     "/home/live/src/modules/summaryq/summaryq.conf" 
     "/etc/calamares/modules/summaryq.conf" 
     "/usr/share/calamares/modules/summaryq.conf" 
01:09:10 [2]: virtual void Calamares::QmlViewStep::setConfigurationMap(const QVariantMap&)
    WARNING: Bad QML search mode set for "summaryq@summaryq" 
01:09:10 [6]: QString CalamaresUtils::searchQmlFile(QmlSearch, const QString&, const Calamares::ModuleSystem::InstanceKey&)
    Looking for QML for "summaryq@summaryq" 
    .. Looking at QML file "/usr/share/calamares/branding/kaos_branding/summaryq@summaryq.qml" 
    .. Looking at QML file "/usr/share/calamares/branding/kaos_branding/summaryq.qml" 
    .. Looking at QML file ":/summaryq@summaryq.qml" 
    .. Looking at QML file ":/summaryq.qml" 
01:09:10 [6]: virtual void Calamares::QmlViewStep::setConfigurationMap(const QVariantMap&)
    QmlViewStep "summaryq@summaryq" loading "qrc:/summaryq.qml" 
01:09:10 [6]: virtual void Calamares::ViewModule::loadSelf()
    ViewModule "summaryq@summaryq" loading complete. 
01:09:10 [6]: void Calamares::ModuleManager::loadModules()
    Module "partition@partition" already loaded. 
01:09:10 [6]: Calamares::SlideshowQML::SlideshowQML(QWidget*)
    QML import paths: 
     "/usr/share/calamares/qml" 
     "/usr/bin" 
     "qrc:/qt-project.org/imports" 
     "/usr/lib/qt5/qml" 
01:09:10 [6]: Calamares::SlideshowQML::SlideshowQML(QWidget*)
    QML load on startup, API 2. 
01:09:10 [2]: QThread::setPriority: Cannot set priority, thread is not running
01:09:11 [6]: virtual void Calamares::CppJobModule::loadSelf()
    CppJobModule "zfs@zfs" loading complete. 
01:09:11 [6]: virtual void Calamares::CppJobModule::loadSelf()
    CppJobModule "machineid@machineid" loading complete. 
01:09:11 [6]: void Calamares::ModuleManager::loadModules()
    Module "localeq@localeq" already loaded. 
01:09:11 [6]: void Calamares::ModuleManager::loadModules()
    Module "keyboardq@keyboardq" already loaded. 
01:09:11 [6]: virtual void Calamares::CppJobModule::loadSelf()
    CppJobModule "luksbootkeyfile@luksbootkeyfile" loading complete. 
01:09:11 [6]: virtual void Calamares::CppJobModule::loadSelf()
    CppJobModule "luksopenswaphookcfg@luksopenswaphookcfg" loading complete. 
01:09:11 [6]: virtual void Calamares::CppJobModule::loadSelf()
    CppJobModule "dracutlukscfg@dracutlukscfg" loading complete. 
01:09:11 [6]: void Calamares::ModuleManager::loadModules()
    Module "usersq@usersq" already loaded. 
01:09:11 [2]: void Calamares::Module::loadConfigurationFile(const QString&)
    WARNING: No config file for "userkf5" found anywhere at 
     "/home/live/src/modules/userkf5/userkf5.conf" 
     "/etc/calamares/modules/userkf5.conf" 
     "/usr/share/calamares/modules/userkf5.conf" 
01:09:11 [2]: void Calamares::Module::loadConfigurationFile(const QString&)
    WARNING: No config file for "driver_cleanup" found anywhere at 
     "/home/live/src/modules/driver_cleanup/driver_cleanup.conf" 
     "/etc/calamares/modules/driver_cleanup.conf" 
     "/usr/share/calamares/modules/driver_cleanup.conf" 
01:09:11 [2]: void Calamares::Module::loadConfigurationFile(const QString&)
    WARNING: No config file for "nonfree_drivers" found anywhere at 
     "/home/live/src/modules/nonfree_drivers/nonfree_drivers.conf" 
     "/etc/calamares/modules/nonfree_drivers.conf" 
     "/usr/share/calamares/modules/nonfree_drivers.conf" 
01:09:11 [2]: void Calamares::Module::loadConfigurationFile(const QString&)
    WARNING: No config file for "package_removal" found anywhere at 
     "/home/live/src/modules/package_removal/package_removal.conf" 
     "/etc/calamares/modules/package_removal.conf" 
     "/usr/share/calamares/modules/package_removal.conf" 
01:09:11 [2]: void Calamares::Module::loadConfigurationFile(const QString&)
    WARNING: Found empty module configuration "/usr/share/calamares/modules/refind.conf" 
01:09:11 [2]: void Calamares::Module::loadConfigurationFile(const QString&)
    WARNING: No config file for "gummi_entries" found anywhere at 
     "/home/live/src/modules/gummi_entries/gummi_entries.conf" 
     "/etc/calamares/modules/gummi_entries.conf" 
     "/usr/share/calamares/modules/gummi_entries.conf" 
01:09:11 [2]: virtual void Calamares::QmlViewStep::setConfigurationMap(const QVariantMap&)
    WARNING: Bad QML search mode set for "finishedq@finishedq" 
01:09:11 [6]: QString CalamaresUtils::searchQmlFile(QmlSearch, const QString&, const Calamares::ModuleSystem::InstanceKey&)
    Looking for QML for "finishedq@finishedq" 
    .. Looking at QML file "/usr/share/calamares/branding/kaos_branding/finishedq@finishedq.qml" 
    .. Looking at QML file "/usr/share/calamares/branding/kaos_branding/finishedq.qml" 
    .. Looking at QML file ":/finishedq@finishedq.qml" 
    .. Looking at QML file ":/finishedq.qml" 
01:09:11 [6]: virtual void Calamares::QmlViewStep::setConfigurationMap(const QVariantMap&)
    QmlViewStep "finishedq@finishedq" loading "qrc:/finishedq.qml" 
01:09:11 [6]: virtual void Calamares::ViewModule::loadSelf()
    ViewModule "finishedq@finishedq" loading complete. 
01:09:11 [6]: void CalamaresApplication::initViewSteps()
    STARTUP: loadModules for all modules done 
01:09:11 [6]: void Calamares::ModuleManager::checkRequirements()
    Checking module requirements .. 
01:09:11 [6]: void CalamaresApplication::initViewSteps()
    STARTUP: Window now visible and ProgressTreeView populated 
    .. 11 view steps loaded. 
01:09:11 [6]: void Calamares::SlideshowQML::loadQmlV2Complete()
    QML component complete, API 2 
01:09:11 [6]: bool GeneralRequirements::checkHasPower()
    A battery exists, checking for mains power. 
    .. Loading "/usr/share/calamares/branding/kaos_branding/show.qml" 
01:09:11 [6]: void Config::xkbApply()
    xkbmap selection changed to:  "us" - "" 
01:09:11 [6]: Calamares::RequirementsList GeneralRequirements::checkRequirements()
    GeneralRequirements output: 
     storage :   11274289152 
     enoughStorage :   true 
     RAM :   1073741824 
     enoughRam :   true 
     hasPower :   true 
     hasInternet :   true 
     isRoot :   true 
01:09:11 [6]: void Calamares::RequirementsChecker::addCheckedRequirements(Calamares::Module*)
    Got 6 requirement results from "welcomeq" 
01:09:11 [6]: void Calamares::QmlViewStep::loadComplete()
    QML component "qrc:/packagechooserq@bootchoice.qml" QQmlComponent::Ready 
    .. QML component complete "qrc:/packagechooserq@bootchoice.qml" creating object 
01:09:11 [2]: qrc:/packagechooserq@bootchoice.qml:19: TypeError: Cannot read property 'height' of null
01:09:11 [2]: qrc:/packagechooserq@bootchoice.qml:18: TypeError: Cannot read property 'width' of null
01:09:11 [6]: void Calamares::QmlViewStep::loadComplete()
    QML component "qrc:/packagechooserq.qml" QQmlComponent::Ready 
    .. QML component complete "qrc:/packagechooserq.qml" creating object 
01:09:11 [6]: QStringList CalamaresUtils::GeoIP::getElementTexts(const QByteArray&, const QString&)
    GeoIP found 1 elements 
01:09:11 [2]: qrc:/packagechooserq.qml:19: TypeError: Cannot read property 'height' of null
01:09:11 [2]: qrc:/packagechooserq.qml:18: TypeError: Cannot read property 'width' of null
01:09:11 [6]: void Calamares::QmlViewStep::loadComplete()
    QML component "qrc:/packagechooserq@audio.qml" QQmlComponent::Ready 
    .. QML component complete "qrc:/packagechooserq@audio.qml" creating object 
01:09:11 [2]: qrc:/packagechooserq@audio.qml:19: TypeError: Cannot read property 'height' of null
01:09:11 [2]: qrc:/packagechooserq@audio.qml:18: TypeError: Cannot read property 'width' of null
01:09:11 [6]: setGeoIP(Config*, const QVariantMap&)::<lambda()>
    GeoIP result for welcome= "US" 
01:09:11 [6]: void setCountry(Config*, const QString&, CalamaresUtils::GeoIP::Handler*)
    Unusable country code "US" 
    .. Obtained from "https://ipapi.co/xml"  ( 2 "country" ) 
01:09:11 [6]: void Calamares::QmlViewStep::loadComplete()
    QML component "qrc:/localeq.qml" QQmlComponent::Ready 
    .. QML component complete "qrc:/localeq.qml" creating object 
01:09:11 [2]: Failed to find a Kirigami platform plugin
01:09:11 [2]: QObject::connect(QQuickWindow, QDeclarativeGeoMap): invalid nullptr parameter
01:09:11 [2]: qrc:/localeq.qml:22: TypeError: Cannot read property 'height' of null
01:09:11 [2]: qrc:/localeq.qml:21: TypeError: Cannot read property 'width' of null
01:09:11 [6]: void Calamares::QmlViewStep::loadComplete()
    QML component "qrc:/finishedq.qml" QQmlComponent::Ready 
    .. QML component complete "qrc:/finishedq.qml" creating object 
01:09:11 [2]: QQmlEngine::setContextForObject(): Object already has a QQmlContext
01:09:11 [2]: qrc:/finishedq.qml:28: TypeError: Cannot read property 'height' of null
01:09:11 [2]: qrc:/finishedq.qml:27: TypeError: Cannot read property 'width' of null
01:09:11 [6]: void Calamares::QmlViewStep::loadComplete()
    QML component "qrc:/welcomeq.qml" QQmlComponent::Ready 
    .. QML component complete "qrc:/welcomeq.qml" creating object 
01:09:11 [2]: QQmlEngine::setContextForObject(): Object already has a QQmlContext
01:09:11 [2]:   OpenType support missing for "Lohit Hindi", script 11
01:09:11 [2]: qrc:/welcomeq.qml:23: TypeError: Cannot read property 'height' of null
01:09:11 [2]: qrc:/welcomeq.qml:22: TypeError: Cannot read property 'width' of null
01:09:11 [6]: void CalamaresUtils::callQmlFunction(QQuickItem*, const char*)
    QML "onActivate()" is missing. 
01:09:12 [6]: void Calamares::QmlViewStep::loadComplete()
    QML component "qrc:/keyboardq.qml" QQmlComponent::Ready 
    .. QML component complete "qrc:/keyboardq.qml" creating object 
01:09:12 [2]: qrc:/keyboardq.qml:205: TypeError: Cannot read property 'width' of null
01:09:12 [2]: qrc:/keyboardq.qml:205: TypeError: Cannot read property 'width' of null
01:09:12 [2]: qrc:/keyboardq.qml:205: TypeError: Cannot read property 'width' of null
01:09:12 [2]: qrc:/keyboardq.qml:205: TypeError: Cannot read property 'width' of null
01:09:12 [2]: qrc:/keyboardq.qml:205: TypeError: Cannot read property 'width' of null
01:09:12 [2]: qrc:/keyboardq.qml:205: TypeError: Cannot read property 'width' of null
01:09:12 [2]: qrc:/keyboardq.qml:205: TypeError: Cannot read property 'width' of null
01:09:12 [2]: qrc:/keyboardq.qml:205: TypeError: Cannot read property 'width' of null
01:09:12 [6]: void Calamares::QmlViewStep::loadComplete()
    QML component "qrc:/summaryq.qml" QQmlComponent::Ready 
    .. QML component complete "qrc:/summaryq.qml" creating object 
01:09:12 [2]: Failed to find a Kirigami platform plugin
01:09:12 [2]: file:///usr/lib/qt5/qml/org/kde/kirigami.2/ScrollablePage.qml:200:9: QML MouseArea: Binding loop detected for property "width"
01:09:12 [6]: Connected!!
01:09:12 [6]: getting temp failed for  "/dev/nvme0n1" :  Success
01:09:12 [6]: getting powered on time failed for  "/dev/nvme0n1" :  Success
01:09:12 [6]: getting power cycles failed for  "/dev/nvme0n1" :  Success
01:09:12 [2]: QCoreApplication::postEvent: Unexpected null receiver
01:09:12 [2]: QCoreApplication::postEvent: Unexpected null receiver
01:09:12 [6]: void Calamares::QmlViewStep::loadComplete()
    QML component "qrc:/usersq.qml" QQmlComponent::Ready 
    .. QML component complete "qrc:/usersq.qml" creating object 
01:09:12 [2]: Failed to find a Kirigami platform plugin
01:09:12 [2]: file:///usr/lib/qt5/qml/org/kde/kirigami.2/templates/InlineMessage.qml:265:13: QML SelectableLabel: Binding loop detected for property "implicitWidth"
01:09:12 [2]: file:///usr/lib/qt5/qml/org/kde/kirigami.2/templates/InlineMessage.qml:265:13: QML SelectableLabel: Binding loop detected for property "implicitWidth"
01:09:12 [2]: file:///usr/lib/qt5/qml/org/kde/kirigami.2/templates/InlineMessage.qml:265:13: QML SelectableLabel: Binding loop detected for property "implicitWidth"
01:09:12 [2]: file:///usr/lib/qt5/qml/org/kde/kirigami.2/templates/InlineMessage.qml:265:13: QML SelectableLabel: Binding loop detected for property "implicitWidth"
01:09:12 [2]: file:///usr/lib/qt5/qml/org/kde/kirigami.2/templates/InlineMessage.qml:265:13: QML SelectableLabel: Binding loop detected for property "implicitWidth"
01:09:12 [2]: file:///usr/lib/qt5/qml/org/kde/kirigami.2/templates/InlineMessage.qml:265:13: QML SelectableLabel: Binding loop detected for property "implicitWidth"
01:09:12 [2]: file:///usr/lib/qt5/qml/org/kde/kirigami.2/templates/InlineMessage.qml:265:13: QML SelectableLabel: Binding loop detected for property "implicitWidth"
01:09:12 [2]: qrc:/usersq.qml:24: TypeError: Cannot read property 'width' of null
01:09:12 [2]: qrc:/usersq.qml:25: TypeError: Cannot read property 'height' of null
01:09:12 [2]: QGeoTileProviderOsm: Tileserver disabled at  QUrl("http://maps-redirect.qt.io/osm/5.8/satellite")
01:09:12 [6]: smartctl initialization failed for  "/dev/sda" :  Resource temporarily unavailable
01:09:12 [6]: error during smart output parsing for  "/dev/sda" :  Success
01:09:12 [2]: QGeoTileFetcherOsm: all providers resolved
01:09:12 [6]: QList<Device*> PartUtils::getDevices(DeviceType)
    Removing unsuitable devices: 2 candidates. 
    .. Running ("blkid", "/dev/nvme0n1") 
    .. Finished. Exit code: 0 output:
 /dev/nvme0n1: PTUUID="0a8269dc-c2c2-497d-a833-40e25db32fde" PTTYPE="gpt"
    .. Running ("blkid", "/dev/nvme0n1p1") 
    .. Finished. Exit code: 0 output:
 /dev/nvme0n1p1: UUID="2491-9BAE" BLOCK_SIZE="512" TYPE="vfat" PARTLABEL="EFI System Partition" PARTUUID="a7fc3d35-42c2-47be-a859-bc8206f0553d"
    .. Running ("blkid", "/dev/nvme0n1p2") 
    .. Finished. Exit code: 0 output:
 /dev/nvme0n1p2: UUID="4e8484c1-e9d6-4dbc-9108-e0b4a6bd775f" BLOCK_SIZE="4096" TYPE="ext4" PARTUUID="48795fd9-8c76-4bd3-8b0e-4ddae1a872d6"
    .. Running ("blkid", "/dev/nvme0n1p3") 
    .. Finished. Exit code: 0 output:
 /dev/nvme0n1p3: UUID="87af5016-9945-464b-a931-7da38da6b1c2" TYPE="crypto_LUKS" PARTUUID="33022b05-7ac5-42ea-bffd-2b50c7d01996"
    .. Running ("blkid", "/dev/sda") 
    .. Finished. Exit code: 0 output:
 /dev/sda: BLOCK_SIZE="2048" UUID="2023-09-22-17-56-41-00" LABEL="KAOS_PLasma6_20230922" TYPE="iso9660" PTUUID="226f5c19" PTTYPE="dos"
    .. Removing device with iso9660 filesystem (probably a CD) on it "/dev/sda" 
    .. there are 1 devices left. 
01:09:12 [6]: void PartitionCoreModule::doInit()
    LIST OF DETECTED DEVICES: 
    .. node	capacity	name	prettyName 
    .. "/dev/nvme0n1" 512105932800 DevName$8ade62e8 DevNamePretty$f8484abe 
    .. 1 devices detected. 
01:09:12 [6]: void Calamares::RequirementsChecker::reportProgress()
    Remaining modules: 1 
     "partition" 
01:09:12 [6]: QStringList CalamaresUtils::GeoIP::getElementTexts(const QByteArray&, const QString&)
    GeoIP found 1 elements 
01:09:13 [6]: void Calamares::RequirementsChecker::reportProgress()
    Remaining modules: 1 
     "partition" 
01:09:13 [6]: OsproberEntryList PartUtils::runOsprober(DeviceModel*)
    os-prober gave no output. 
01:09:13 [6]: void PartitionCoreModule::scanForEfiSystemPartitions()
    system is EFI and new EFI system partition has been found. 
01:09:13 [6]: void Calamares::RequirementsChecker::addCheckedRequirements(Calamares::Module*)
    Got 1 requirement results from "partition" 
01:09:13 [2]: QObject::connect: Cannot queue arguments of type 'QQmlChangeSet'
(Make sure 'QQmlChangeSet' is registered using qRegisterMetaType().)
01:09:13 [6]: bool ChoicePage::calculateNextEnabled() const
    No partitioning choice has been made yet 
01:09:13 [6]: void ChoicePage::updateDeviceStatePreview()
    Updating partitioning state widgets. 
01:09:13 [6]: void ChoicePage::setupActions()
    Setting up actions for "/dev/nvme0n1" with 0 entries. 
    ..  Can not resize "/dev/nvme0n1p1" , filesystem "fat32" does not support resize. 
    ..  Checking if "/dev/nvme0n1p1" can be replaced. 
    ..  NO, insufficient storage 
     Required  storage B: 11811160064 "(10.5GiB)" 
     Available storage B: 536870912 "(0GiB)" 
    ..  NO, insufficient storage 
     Required  storage B: 13958643712 "(13GiB)" 
     Available storage B: 1452621824 "(1GiB)" for "/dev/nvme0n1p2" length: 3500032 sectorsUsed: 662880 fsType: "ext4" 
    ..  Checking if "/dev/nvme0n1p2" can be replaced. 
    ..  NO, insufficient storage 
     Required  storage B: 11811160064 "(10.5GiB)" 
     Available storage B: 1792016384 "(1GiB)" 
    ..  Can not resize "/dev/nvme0n1p3" , filesystem "luks2" does not support resize. 
    ..  Checking if "/dev/nvme0n1p3" can be replaced. 
    ..  Partition "/dev/nvme0n1p3" authorized for replace install. 
    .. contains replaceable "/dev/nvme0n1p3" 
01:09:13 [6]: ChoicePage::setupActions()::<lambda()>
    Setting texts for 0 osprober entries 
01:09:13 [6]: void ChoicePage::setupActions()
    No partitions available for resize-action. 
01:09:13 [6]: void ChoicePage::continueApplyDeviceChoice()
    Previous device -1 new device 0 
01:09:13 [6]: void ChoicePage::applyActionChoice(InstallChoice)
    Prev -1 InstallChoice Config::NoChoice "none" 
01:09:13 [6]: bool ChoicePage::calculateNextEnabled() const
    No partitioning choice has been made yet 
01:09:13 [6]: void ChoicePage::updateActionChoicePreview(InstallChoice)
    Updating partitioning preview widgets. 
01:09:13 [6]: bool ChoicePage::calculateNextEnabled() const
    No partitioning choice has been made yet 
01:09:13 [6]: bool ChoicePage::calculateNextEnabled() const
    No partitioning choice has been made yet 
01:09:13 [6]: void Calamares::RequirementsChecker::finished()
    All requirements have been checked. 
01:09:13 [6]: void Calamares::RequirementsModel::describe() const
    Requirements model has 7 items 
    .. requirement 0 "storage" satisfied? true mandatory? true 
    .. requirement 1 "ram" satisfied? true mandatory? true 
    .. requirement 2 "power" satisfied? true mandatory? false 
    .. requirement 3 "internet" satisfied? true mandatory? false 
    .. requirement 4 "root" satisfied? true mandatory? true 
    .. requirement 5 "screen" satisfied? true mandatory? false 
    .. requirement 6 "partitions" satisfied? true mandatory? true 
01:09:16 [2]: Qt Quick Layouts: Detected recursive rearrange. Aborting after two iterations.
01:09:16 [2]: Qt Quick Layouts: Detected recursive rearrange. Aborting after two iterations.
01:09:16 [6]: void CalamaresUtils::callQmlFunction(QQuickItem*, const char*)
    QML "onLeave()" is missing. 
01:09:16 [6]: static LocaleConfiguration LocaleConfiguration::fromLanguageAndLocation(const QString&, const QStringList&, const QString&)
    Mapping "en" in "US" to locale. 
    .. Got best match for "en" as "en_ZW.UTF-8" 
    .. Got best match for "en_US" as "en_US.UTF-8" 
21:09:16 [6]: static LocaleConfiguration LocaleConfiguration::fromLanguageAndLocation(const QString&, const QStringList&, const QString&)
    Mapping "en" in "US" to locale. 
    .. Got best match for "en" as "en_ZW.UTF-8" 
    .. Got best match for "en_US" as "en_US.UTF-8" 
21:09:16 [6]: void CalamaresUtils::callQmlFunction(QQuickItem*, const char*)
    QML "onActivate()" is missing. 
21:09:17 [6]: void Config::guessLocaleKeyboardLayout()
    Got locale language "en_US.UTF-8" 
    .. looking for locale part "US" 
    .. matched "us" 
21:09:17 [6]: void guessLayout(const QStringList&, KeyboardLayoutModel*, KeyboardVariantsModel*)
    Next level: "en" 
21:09:18 [6]: void CalamaresUtils::callQmlFunction(QQuickItem*, const char*)
    QML "onActivate()" is missing. 
21:09:19 [6]: void CalamaresUtils::callQmlFunction(QQuickItem*, const char*)
    QML "onActivate()" is missing. 
21:09:24 [6]: void ChoicePage::applyActionChoice(InstallChoice)
    Prev -1 InstallChoice Config::Erase "erase" 
21:09:24 [6]: PartitionTable* CreatePartitionTableJob::createTable()
    CreatePartitionTableJob::createTable trying to make table for device "/dev/nvme0n1" 
21:09:24 [2]: void PartitionCoreModule::scanForEfiSystemPartitions()
    WARNING: system is EFI but no EFI system partitions found. 
21:09:24 [6]: void PartitionCoreModule::scanForEfiSystemPartitions()
    system is EFI and new EFI system partition has been found. 
21:09:24 [6]: void PartitionCoreModule::dumpQueue() const
    # Queue: 
    .. ## Device: "/dev/nvme0n1" 
    .. - CreatePartitionTableJob 
    .. - CreatePartitionJob 
    .. - SetPartFlagsJob 
    .. - CreatePartitionJob 
21:09:24 [6]: void ChoicePage::updateActionChoicePreview(InstallChoice)
    Updating partitioning preview widgets. 
21:09:26 [2]: Hunspell dictionary is missing for "en_US" . Search paths ("/usr/share/qt5/qtvirtualkeyboard/hunspell", "/usr/share/hunspell", "/usr/share/myspell/dicts")
21:09:28 [6]: void ChoicePage::applyActionChoice(InstallChoice)
    Prev -1 InstallChoice Config::Erase "erase" 
21:09:28 [6]: void ChoicePage::updateActionChoicePreview(InstallChoice)
    Updating partitioning preview widgets. 
21:09:28 [6]: getting temp failed for  "/dev/nvme0n1" :  Success
21:09:28 [6]: getting powered on time failed for  "/dev/nvme0n1" :  Success
21:09:28 [6]: getting power cycles failed for  "/dev/nvme0n1" :  Success
21:09:28 [6]: PartitionTable* CreatePartitionTableJob::createTable()
    CreatePartitionTableJob::createTable trying to make table for device "/dev/nvme0n1" 
21:09:28 [2]: void PartitionCoreModule::scanForEfiSystemPartitions()
    WARNING: system is EFI but no EFI system partitions found. 
21:09:28 [6]: void PartitionCoreModule::scanForEfiSystemPartitions()
    system is EFI and new EFI system partition has been found. 
21:09:28 [6]: void PartitionCoreModule::dumpQueue() const
    # Queue: 
    .. ## Device: "/dev/nvme0n1" 
    .. - CreatePartitionTableJob 
    .. - CreatePartitionJob 
    .. - SetPartFlagsJob 
    .. - CreatePartitionJob 
21:09:31 [6]: void ChoicePage::applyActionChoice(InstallChoice)
    Prev -1 InstallChoice Config::Erase "erase" 
21:09:31 [6]: void ChoicePage::updateActionChoicePreview(InstallChoice)
    Updating partitioning preview widgets. 
21:09:31 [6]: getting temp failed for  "/dev/nvme0n1" :  Success
21:09:31 [6]: getting powered on time failed for  "/dev/nvme0n1" :  Success
21:09:31 [6]: getting power cycles failed for  "/dev/nvme0n1" :  Success
21:09:32 [6]: PartitionTable* CreatePartitionTableJob::createTable()
    CreatePartitionTableJob::createTable trying to make table for device "/dev/nvme0n1" 
21:09:32 [2]: void PartitionCoreModule::scanForEfiSystemPartitions()
    WARNING: system is EFI but no EFI system partitions found. 
21:09:32 [6]: void PartitionCoreModule::scanForEfiSystemPartitions()
    system is EFI and new EFI system partition has been found. 
21:09:32 [6]: quint64 swapSuggestion(quint64, Config::SwapChoice)
    Suggested swap size: 16 GiB 
21:09:32 [6]: void PartitionCoreModule::dumpQueue() const
    # Queue: 
    .. ## Device: "/dev/nvme0n1" 
    .. - CreatePartitionTableJob 
    .. - CreatePartitionJob 
    .. - SetPartFlagsJob 
    .. - CreatePartitionJob 
    .. - CreatePartitionJob 
21:09:39 [6]: void CalamaresUtils::callQmlFunction(QQuickItem*, const char*)
    QML "onActivate()" is missing. 
21:09:47 [6]: void CalamaresUtils::callQmlFunction(QQuickItem*, const char*)
    QML "onActivate()" is missing. 
21:09:56 [6]: Invalid
21:10:12 [2]: QObject::setParent: Cannot set parent, new parent is in a different thread
21:10:12 [6]: virtual QString PartitionViewStep::prettyStatus() const
    Summary for Partition 1 Config::Erase 
21:10:12 [6]: QStringList findEssentialLVs(const QList<PartitionCoreModule::DeviceInfo*>&)
    Checking LVM use on 1 devices 
21:10:12 [6]: QVariantList FillGlobalStorageJob::createPartitionList() const
    Building partition information map 
    .. partitions on "/dev/nvme0n1" 
    ..  mapping for "" "unallocated" 
     partlabel :   "" 
     partition-uuid (partuuid) :   "PartUUID$4e9a14d4" 
     parttype :   "" 
     partattrs :   "0" 
     mountPoint: :   "" 
     fs: :   "unknown" 
     fsName :   "unknown" 
     filesystem-uuid (uuid) :   "FSUUID$f327bff1" 
     claimed :   "false" 
    ..  mapping for "" "New Partition" 
     partlabel :   "KaOS" 
     partition-uuid (partuuid) :   "PartUUID$4e9a14d4" 
     parttype :   "" 
     partattrs :   "0" 
     mountPoint: :   "/boot" 
     fs: :   "fat32" 
     fsName :   "fat32" 
     filesystem-uuid (uuid) :   "FSUUID$f327bff1" 
     claimed :   "true" 
    ..  mapping for "" "New Partition" 
     partlabel :   "root" 
     partition-uuid (partuuid) :   "PartUUID$4e9a14d4" 
     parttype :   "" 
     partattrs :   "0" 
     mountPoint: :   "/" 
     fs: :   "ext4" 
     fsName :   "ext4" 
     filesystem-uuid (uuid) :   "FSUUID$f327bff1" 
     claimed :   "true" 
    ..  mapping for "" "New Partition" 
     partlabel :   "" 
     partition-uuid (partuuid) :   "PartUUID$4e9a14d4" 
     parttype :   "" 
     partattrs :   "0" 
     mountPoint: :   "" 
     fs: :   "linuxswap" 
     fsName :   "linuxswap" 
     filesystem-uuid (uuid) :   "FSUUID$f327bff1" 
     claimed :   "true" 
21:10:12 [6]: QVariantList FillGlobalStorageJob::createPartitionList() const
    Building partition information map 
    .. partitions on "/dev/nvme0n1" 
    ..  mapping for "" "unallocated" 
     partlabel :   "" 
     partition-uuid (partuuid) :   "PartUUID$4e9a14d4" 
     parttype :   "" 
     partattrs :   "0" 
     mountPoint: :   "" 
     fs: :   "unknown" 
     fsName :   "unknown" 
     filesystem-uuid (uuid) :   "FSUUID$f327bff1" 
     claimed :   "false" 
    ..  mapping for "" "New Partition" 
     partlabel :   "KaOS" 
     partition-uuid (partuuid) :   "PartUUID$4e9a14d4" 
     parttype :   "" 
     partattrs :   "0" 
     mountPoint: :   "/boot" 
     fs: :   "fat32" 
     fsName :   "fat32" 
     filesystem-uuid (uuid) :   "FSUUID$f327bff1" 
     claimed :   "true" 
    ..  mapping for "" "New Partition" 
     partlabel :   "root" 
     partition-uuid (partuuid) :   "PartUUID$4e9a14d4" 
     parttype :   "" 
     partattrs :   "0" 
     mountPoint: :   "/" 
     fs: :   "ext4" 
     fsName :   "ext4" 
     filesystem-uuid (uuid) :   "FSUUID$f327bff1" 
     claimed :   "true" 
    ..  mapping for "" "New Partition" 
     partlabel :   "" 
     partition-uuid (partuuid) :   "PartUUID$4e9a14d4" 
     parttype :   "" 
     partattrs :   "0" 
     mountPoint: :   "" 
     fs: :   "linuxswap" 
     fsName :   "linuxswap" 
     filesystem-uuid (uuid) :   "FSUUID$f327bff1" 
     claimed :   "true" 
21:10:16 [6]: void CalamaresUtils::callQmlFunction(QQuickItem*, const char*)
    QML "onLeave()" is missing. 
21:10:16 [6]: Slideshow) activated
21:10:16 [6]: QStringList findEssentialLVs(const QList<PartitionCoreModule::DeviceInfo*>&)
    Checking LVM use on 1 devices 
21:10:16 [6]: void Calamares::JobThread::finalize()
    There are 42 jobs, total weight 39 
    .. Job 1 "Manage auto-mount settings" +wt 0.1 tot.wt 0.1 
    .. Job 2 "Clear all temporary mounts." +wt 0.1 tot.wt 0.2 
    .. Job 3 "Clear mounts for partitioning operations on /dev/nvme0n1" +wt 0.1 tot.wt 0.3 
    .. Job 4 "Create new gpt partition table on /dev/nvme0n1." +wt 0.1 tot.wt 0.4 
    .. Job 5 "Create new 512MiB partition on /dev/nvme0n1 (BC711 NVMe SK hynix 512GB) with entries KaOS." +wt 0.1 tot.wt 0.5 
    .. Job 6 "Set flags on 512MiB fat32 partition." +wt 0.1 tot.wt 0.6 
    .. Job 7 "Create new 470947MiB partition on /dev/nvme0n1 (BC711 NVMe SK hynix 512GB) with entries root." +wt 0.1 tot.wt 0.7 
    .. Job 8 "Create new 16920MiB partition on /dev/nvme0n1 (BC711 NVMe SK hynix 512GB)." +wt 0.1 tot.wt 0.8 
    .. Job 9 "Set partition information" +wt 0.1 tot.wt 0.9 
    .. Job 10 "Manage auto-mount settings" +wt 0.1 tot.wt 1 
    .. Job 11 "Create ZFS pools and datasets" +wt 1 tot.wt 2 
    .. Job 12 "mount" +wt 1 tot.wt 3 
    .. Job 13 "unpackfs" +wt 12 tot.wt 15 
    .. Job 14 "Generate machine-id." +wt 1 tot.wt 16 
    .. Job 15 "fstab" +wt 1 tot.wt 17 
    .. Job 16 "Set timezone to America/New_York" +wt 1 tot.wt 18 
    .. Job 17 "Set keyboard model to pc105, layout to us-" +wt 1 tot.wt 19 
    .. Job 18 "localecfg" +wt 1 tot.wt 20 
    .. Job 19 "Configuring LUKS key file." +wt 1 tot.wt 21 
    .. Job 20 "Configuring encrypted swap." +wt 1 tot.wt 22 
    .. Job 21 "Skip writing LUKS configuration for Dracut: \"/\" partition is not encrypted" +wt 1 tot.wt 23 
    .. Job 22 "zfshostid" +wt 1 tot.wt 24 
    .. Job 23 "dracut" +wt 1 tot.wt 25 
    .. Job 24 "Configure <pre>sudo</pre> users." +wt 0.166667 tot.wt 25.1667 
    .. Job 25 "Preparing groups." +wt 0.166667 tot.wt 25.3333 
    .. Job 26 "Create user mparillo" +wt 0.166667 tot.wt 25.5 
    .. Job 27 "Set password for user mparillo" +wt 0.166667 tot.wt 25.6667 
    .. Job 28 "Set password for user root" +wt 0.166667 tot.wt 25.8333 
    .. Job 29 "Set hostname marco-latitude5420" +wt 0.166667 tot.wt 26 
    .. Job 30 "networkcfg" +wt 1 tot.wt 27 
    .. Job 31 "grubconf" +wt 1 tot.wt 28 
    .. Job 32 "kdm_sddm" +wt 1 tot.wt 29 
    .. Job 33 "userkf5" +wt 1 tot.wt 30 
    .. Job 34 "driver_cleanup" +wt 1 tot.wt 31 
    .. Job 35 "nonfree_drivers" +wt 1 tot.wt 32 
    .. Job 36 "package_removal" +wt 1 tot.wt 33 
    .. Job 37 "services" +wt 1 tot.wt 34 
    .. Job 38 "systemd-boot" +wt 1 tot.wt 35 
    .. Job 39 "refind" +wt 1 tot.wt 36 
    .. Job 40 "grub" +wt 1 tot.wt 37 
    .. Job 41 "gummi_entries" +wt 1 tot.wt 38 
    .. Job 42 "umount" +wt 1 tot.wt 39 
21:10:16 [6]: virtual void Calamares::JobThread::run()
    Starting job "Manage auto-mount settings" ( 1 / 42 ) 
21:10:16 [6]: virtual Calamares::JobResult AutoMountManagementJob::exec()
    Set automount to disable 
21:10:16 [6]: void CalamaresUtils::Partition::querySolidAutoMount(QDBusConnection&, AutoMountInfo&)
    Solid not available: "The name org.kde.kded5 was not provided by any .service files" 
21:10:16 [6]: virtual void Calamares::JobThread::run()
    Starting job "Clear all temporary mounts." ( 2 / 42 ) 
21:10:16 [6]: virtual void Calamares::JobThread::run()
    Starting job "Clear mounts for partitioning operations on /dev/nvme0n1" ( 3 / 42 ) 
21:10:17 [6]: QStringList getPartitionsForDevice(const QString&)
    Reading from "/proc/partitions" looking for "nvme0n1" 
21:10:17 [6]: virtual Calamares::JobResult ClearMountsJob::exec()
    ClearMountsJob finished. Here's what was done: 
    .. Running ("udevadm", "settle") 
    .. Running ("sync") 
21:10:17 [6]: virtual void Calamares::JobThread::run()
    Starting job "Create new gpt partition table on /dev/nvme0n1." ( 4 / 42 ) 
21:10:17 [6]: virtual Calamares::JobResult CreatePartitionTableJob::exec()
    Creating new partition table of type "gpt" , uncommitted partitions: 
    .. "unallocated" 
    .. "New Partition" 
    .. "New Partition" 
    .. "New Partition" 
    .. Running ("lsblk") 
    .. Finished. Exit code: 0 output:
 NAME        MAJ:MIN RM   SIZE RO TYPE MOUNTPOINTS
loop0         7:0    0  20.2M  1 loop 
loop1         7:1    0 489.3M  1 loop 
loop2         7:2    0   2.1G  1 loop 
sda           8:0    1  29.5G  0 disk 
|-sda1        8:1    1   2.7G  0 part /bootmnt
`-sda2        8:2    1    64M  0 part 
nvme0n1     259:0    0 476.9G  0 disk 
|-nvme0n1p1 259:1    0   512M  0 part 
|-nvme0n1p2 259:2    0   1.7G  0 part 
`-nvme0n1p3 259:3    0 474.8G  0 part
    .. lsblk output:
 NAME        MAJ:MIN RM   SIZE RO TYPE MOUNTPOINTS
loop0         7:0    0  20.2M  1 loop 
loop1         7:1    0 489.3M  1 loop 
loop2         7:2    0   2.1G  1 loop 
sda           8:0    1  29.5G  0 disk 
|-sda1        8:1    1   2.7G  0 part /bootmnt
`-sda2        8:2    1    64M  0 part 
nvme0n1     259:0    0 476.9G  0 disk 
|-nvme0n1p1 259:1    0   512M  0 part 
|-nvme0n1p2 259:2    0   1.7G  0 part 
`-nvme0n1p3 259:3    0 474.8G  0 part
    .. Running ("mount") 
    .. Finished. Exit code: 0 output:
 proc on /proc type proc (rw,nosuid,nodev,noexec,relatime)
sys on /sys type sysfs (rw,nosuid,nodev,noexec,relatime)
dev on /dev type devtmpfs (rw,nosuid,relatime,size=7852644k,nr_inodes=1963161,mode=755,inode64)
run on /run type tmpfs (rw,nosuid,nodev,relatime,mode=755,inode64)
efivarfs on /sys/firmware/efi/efivars type efivarfs (rw,nosuid,nodev,noexec,relatime)
union on / type aufs (rw,relatime,si=1116cf0ab1cf968e)
/dev/sda1 on /bootmnt type iso9660 (ro,relatime,nojoliet,check=s,map=n,blocksize=2048,iocharset=utf8)
securityfs on /sys/kernel/security type securityfs (rw,nosuid,nodev,noexec,relatime)
tmpfs on /dev/shm type tmpfs (rw,nosuid,nodev,inode64)
devpts on /dev/pts type devpts (rw,nosuid,noexec,relatime,gid=5,mode=620,ptmxmode=000)
tmpfs on /sys/fs/cgroup type tmpfs (ro,nosuid,nodev,noexec,size=4096k,nr_inodes=1024,mode=755,inode64)
cgroup2 on /sys/fs/cgroup/unified type cgroup2 (rw,nosuid,nodev,noexec,relatime,nsdelegate,favordynmods)
cgroup on /sys/fs/cgroup/systemd type cgroup (rw,nosuid,nodev,noexec,relatime,xattr,favordynmods,name=systemd)
pstore on /sys/fs/pstore type pstore (rw,nosuid,nodev,noexec,relatime)
bpf on /sys/fs/bpf type bpf (rw,nosuid,nodev,noexec,relatime,mode=700)
cgroup on /sys/fs/cgroup/net_cls,net_prio type cgroup (rw,nosuid,nodev,noexec,relatime,net_cls,net_prio,favordynmods)
cgroup on /sys/fs/cgroup/memory type cgroup (rw,nosuid,nodev,noexec,relatime,memory,favordynmods)
cgroup on /sys/fs/cgroup/cpu,cpuacct type cgroup (rw,nosuid,nodev,noexec,relatime,cpu,cpuacct,favordynmods)
cgroup on /sys/fs/cgroup/blkio type cgroup (rw,nosuid,nodev,noexec,relatime,blkio,favordynmods)
cgroup on /sys/fs/cgroup/pids type cgroup (rw,nosuid,nodev,noexec,relatime,pids,favordynmods)
cgroup on /sys/fs/cgroup/cpuset type cgroup (rw,nosuid,nodev,noexec,relatime,cpuset,favordynmods)
cgroup on /sys/fs/cgroup/devices type cgroup (rw,nosuid,nodev,noexec,relatime,devices,favordynmods)
cgroup on /sys/fs/cgroup/perf_event type cgroup (rw,nosuid,nodev,noexec,relatime,perf_event,favordynmods)
cgroup on /sys/fs/cgroup/misc type cgroup (rw,nosuid,nodev,noexec,relatime,misc,favordynmods)
cgroup on /sys/fs/cgroup/freezer type cgroup (rw,nosuid,nodev,noexec,relatime,freezer,favordynmods)
systemd-1 on /proc/sys/fs/binfmt_misc type autofs (rw,relatime,fd=30,pgrp=1,timeout=0,minproto=5,maxproto=5,direct)
tracefs on /sys/kernel/tracing type tracefs (rw,nosuid,nodev,noexec,relatime)
hugetlbfs on /dev/hugepages type hugetlbfs (rw,relatime,pagesize=2M)
fusectl on /sys/fs/fuse/connections type fusectl (rw,nosuid,nodev,noexec,relatime)
configfs on /sys/kernel/config type configfs (rw,nosuid,nodev,noexec,relatime)
debugfs on /sys/kernel/debug type debugfs (rw,nosuid,nodev,noexec,relatime)
mqueue on /dev/mqueue type mqueue (rw,nosuid,nodev,noexec,relatime)
ramfs on /run/credentials/systemd-sysusers.service type ramfs (ro,nosuid,nodev,noexec,relatime,mode=700)
ramfs on /run/credentials/systemd-sysctl.service type ramfs (ro,nosuid,nodev,noexec,relatime,mode=700)
ramfs on /run/credentials/systemd-tmpfiles-setup-dev.service type ramfs (ro,nosuid,nodev,noexec,relatime,mode=700)
tmpfs on /tmp type tmpfs (rw,nosuid,nodev,relatime,inode64)
ramfs on /run/credentials/systemd-tmpfiles-setup.service type ramfs (ro,nosuid,nodev,noexec,relatime,mode=700)
tmpfs on /run/user/1000 type tmpfs (rw,nosuid,nodev,relatime,size=1575184k,nr_inodes=393796,mode=700,uid=1000,gid=100,inode64)
    .. mount output:
 proc on /proc type proc (rw,nosuid,nodev,noexec,relatime)
sys on /sys type sysfs (rw,nosuid,nodev,noexec,relatime)
dev on /dev type devtmpfs (rw,nosuid,relatime,size=7852644k,nr_inodes=1963161,mode=755,inode64)
run on /run type tmpfs (rw,nosuid,nodev,relatime,mode=755,inode64)
efivarfs on /sys/firmware/efi/efivars type efivarfs (rw,nosuid,nodev,noexec,relatime)
union on / type aufs (rw,relatime,si=1116cf0ab1cf968e)
/dev/sda1 on /bootmnt type iso9660 (ro,relatime,nojoliet,check=s,map=n,blocksize=2048,iocharset=utf8)
securityfs on /sys/kernel/security type securityfs (rw,nosuid,nodev,noexec,relatime)
tmpfs on /dev/shm type tmpfs (rw,nosuid,nodev,inode64)
devpts on /dev/pts type devpts (rw,nosuid,noexec,relatime,gid=5,mode=620,ptmxmode=000)
tmpfs on /sys/fs/cgroup type tmpfs (ro,nosuid,nodev,noexec,size=4096k,nr_inodes=1024,mode=755,inode64)
cgroup2 on /sys/fs/cgroup/unified type cgroup2 (rw,nosuid,nodev,noexec,relatime,nsdelegate,favordynmods)
cgroup on /sys/fs/cgroup/systemd type cgroup (rw,nosuid,nodev,noexec,relatime,xattr,favordynmods,name=systemd)
pstore on /sys/fs/pstore type pstore (rw,nosuid,nodev,noexec,relatime)
bpf on /sys/fs/bpf type bpf (rw,nosuid,nodev,noexec,relatime,mode=700)
cgroup on /sys/fs/cgroup/net_cls,net_prio type cgroup (rw,nosuid,nodev,noexec,relatime,net_cls,net_prio,favordynmods)
cgroup on /sys/fs/cgroup/memory type cgroup (rw,nosuid,nodev,noexec,relatime,memory,favordynmods)
cgroup on /sys/fs/cgroup/cpu,cpuacct type cgroup (rw,nosuid,nodev,noexec,relatime,cpu,cpuacct,favordynmods)
cgroup on /sys/fs/cgroup/blkio type cgroup (rw,nosuid,nodev,noexec,relatime,blkio,favordynmods)
cgroup on /sys/fs/cgroup/pids type cgroup (rw,nosuid,nodev,noexec,relatime,pids,favordynmods)
cgroup on /sys/fs/cgroup/cpuset type cgroup (rw,nosuid,nodev,noexec,relatime,cpuset,favordynmods)
cgroup on /sys/fs/cgroup/devices type cgroup (rw,nosuid,nodev,noexec,relatime,devices,favordynmods)
cgroup on /sys/fs/cgroup/perf_event type cgroup (rw,nosuid,nodev,noexec,relatime,perf_event,favordynmods)
cgroup on /sys/fs/cgroup/misc type cgroup (rw,nosuid,nodev,noexec,relatime,misc,favordynmods)
cgroup on /sys/fs/cgroup/freezer type cgroup (rw,nosuid,nodev,noexec,relatime,freezer,favordynmods)
systemd-1 on /proc/sys/fs/binfmt_misc type autofs (rw,relatime,fd=30,pgrp=1,timeout=0,minproto=5,maxproto=5,direct)
tracefs on /sys/kernel/tracing type tracefs (rw,nosuid,nodev,noexec,relatime)
hugetlbfs on /dev/hugepages type hugetlbfs (rw,relatime,pagesize=2M)
fusectl on /sys/fs/fuse/connections type fusectl (rw,nosuid,nodev,noexec,relatime)
configfs on /sys/kernel/config type configfs (rw,nosuid,nodev,noexec,relatime)
debugfs on /sys/kernel/debug type debugfs (rw,nosuid,nodev,noexec,relatime)
mqueue on /dev/mqueue type mqueue (rw,nosuid,nodev,noexec,relatime)
ramfs on /run/credentials/systemd-sysusers.service type ramfs (ro,nosuid,nodev,noexec,relatime,mode=700)
ramfs on /run/credentials/systemd-sysctl.service type ramfs (ro,nosuid,nodev,noexec,relatime,mode=700)
ramfs on /run/credentials/systemd-tmpfiles-setup-dev.service type ramfs (ro,nosuid,nodev,noexec,relatime,mode=700)
tmpfs on /tmp type tmpfs (rw,nosuid,nodev,relatime,inode64)
ramfs on /run/credentials/systemd-tmpfiles-setup.service type ramfs (ro,nosuid,nodev,noexec,relatime,mode=700)
tmpfs on /run/user/1000 type tmpfs (rw,nosuid,nodev,relatime,size=1575184k,nr_inodes=393796,mode=700,uid=1000,gid=100,inode64)
21:10:17 [6]: virtual void Calamares::JobThread::run()
    Starting job "Create new 512MiB partition on /dev/nvme0n1 (BC711 NVMe SK hynix 512GB) with entries KaOS." ( 5 / 42 ) 
21:10:18 [6]: virtual void Calamares::JobThread::run()
    Starting job "Set flags on partition /dev/nvme0n1p1." ( 6 / 42 ) 
21:10:18 [6]: virtual Calamares::JobResult SetPartFlagsJob::exec()
    Setting flags on "/dev/nvme0n1" partition "/dev/nvme0n1p1" 
     "boot" 
21:10:19 [6]: virtual void Calamares::JobThread::run()
    Starting job "Create new 470947MiB partition on /dev/nvme0n1 (BC711 NVMe SK hynix 512GB) with entries root." ( 7 / 42 ) 
21:10:22 [6]: virtual void Calamares::JobThread::run()
    Starting job "Create new 16920MiB partition on /dev/nvme0n1 (BC711 NVMe SK hynix 512GB)." ( 8 / 42 ) 
21:10:23 [6]: virtual void Calamares::JobThread::run()
    Starting job "Set partition information" ( 9 / 42 ) 
21:10:23 [6]: QVariantList FillGlobalStorageJob::createPartitionList() const
    Building partition information map 
    .. partitions on "/dev/nvme0n1" 
    ..  mapping for "" "unallocated" 
     partlabel :   "" 
     partition-uuid (partuuid) :   "PartUUID$4e9a14d4" 
     parttype :   "" 
     partattrs :   "0" 
     mountPoint: :   "" 
     fs: :   "unknown" 
     fsName :   "unknown" 
     filesystem-uuid (uuid) :   "FSUUID$f327bff1" 
     claimed :   "false" 
    ..  mapping for "/dev/nvme0n1p1" "/dev/nvme0n1p1" 
     partlabel :   "KaOS" 
     partition-uuid (partuuid) :   "PartUUID$4e9a14d4" 
     parttype :   "" 
     partattrs :   "0" 
     mountPoint: :   "/boot" 
     fs: :   "fat32" 
     fsName :   "fat32" 
     filesystem-uuid (uuid) :   "FSUUID$1a574ddb" 
     claimed :   "true" 
    ..  mapping for "/dev/nvme0n1p2" "/dev/nvme0n1p2" 
     partlabel :   "root" 
     partition-uuid (partuuid) :   "PartUUID$4e9a14d4" 
     parttype :   "" 
     partattrs :   "0" 
     mountPoint: :   "/" 
     fs: :   "ext4" 
     fsName :   "ext4" 
     filesystem-uuid (uuid) :   "FSUUID$34d04759" 
     claimed :   "true" 
    ..  mapping for "/dev/nvme0n1p3" "/dev/nvme0n1p3" 
     partlabel :   "" 
     partition-uuid (partuuid) :   "PartUUID$4e9a14d4" 
     parttype :   "" 
     partattrs :   "0" 
     mountPoint: :   "" 
     fs: :   "linuxswap" 
     fsName :   "linuxswap" 
     filesystem-uuid (uuid) :   "FSUUID$a90f7cde" 
     claimed :   "true" 
21:10:23 [6]: virtual Calamares::JobResult FillGlobalStorageJob::exec()
    Saving partition information map to GlobalStorage["partitions"] 
21:10:23 [6]: virtual Calamares::JobResult FillGlobalStorageJob::exec()
    FillGlobalStorageJob writing empty bootLoader value 
21:10:23 [6]: virtual void Calamares::JobThread::run()
    Starting job "Manage auto-mount settings" ( 10 / 42 ) 
21:10:23 [6]: virtual Calamares::JobResult AutoMountManagementJob::exec()
    Restore automount settings 
21:10:23 [6]: virtual void Calamares::JobThread::run()
    Starting job "Create ZFS pools and datasets" ( 11 / 42 ) 
21:10:23 [6]: virtual void Calamares::JobThread::run()
    Starting job "mount" ( 12 / 42 ) 
21:10:23 [6]: virtual Calamares::JobResult Calamares::PythonJob::exec()
    Job file "/usr/lib/calamares/modules/mount/main.py" 
[PYTHON JOB]: Found gettext "en_US" in "/usr/share/locale/en_US" 
    .. Job description from pretty_name "mount" = "Mounting partitions." 
    .. Running ("mount", "-t", "ext4", "-o", "defaults,noatime", "/dev/nvme0n1p2", "/tmp/calamares-root-knz_o1_y/") 
    .. Running ("udevadm", "settle") 
    .. Running ("sync") 
    .. Running ("mount", "-t", "vfat", "-o", "defaults,noatime", "/dev/nvme0n1p1", "/tmp/calamares-root-knz_o1_y/boot") 
    .. Running ("udevadm", "settle") 
    .. Running ("sync") 
    .. Running ("mount", "-o", "bind", "/dev", "/tmp/calamares-root-knz_o1_y/dev") 
    .. Running ("udevadm", "settle") 
    .. Running ("sync") 
    .. Running ("mount", "-t", "proc", "-o", "defaults,noatime", "proc", "/tmp/calamares-root-knz_o1_y/proc") 
    .. Running ("udevadm", "settle") 
    .. Running ("sync") 
    .. Running ("mount", "-t", "tmpfs", "-o", "defaults,noatime", "tmpfs", "/tmp/calamares-root-knz_o1_y/run") 
    .. Running ("udevadm", "settle") 
    .. Running ("sync") 
    .. Running ("mount", "-o", "bind", "/run/udev", "/tmp/calamares-root-knz_o1_y/run/udev") 
    .. Running ("udevadm", "settle") 
    .. Running ("sync") 
    .. Running ("mount", "-t", "sysfs", "-o", "defaults,noatime", "sys", "/tmp/calamares-root-knz_o1_y/sys") 
    .. Running ("udevadm", "settle") 
    .. Running ("sync") 
    .. Running ("mount", "-t", "efivarfs", "-o", "defaults,noatime", "efivarfs", "/tmp/calamares-root-knz_o1_y/sys/firmware/efi/efivars") 
    .. Running ("udevadm", "settle") 
    .. Running ("sync") 
21:10:23 [6]: virtual void Calamares::JobThread::run()
    Starting job "unpackfs" ( 13 / 42 ) 
21:10:23 [6]: virtual Calamares::JobResult Calamares::PythonJob::exec()
    Job file "/usr/lib/calamares/modules/unpackfs/main.py" 
[PYTHON JOB]: Found gettext "en_US" in "/usr/share/locale/en_US" 
    .. Job description from pretty_name "unpackfs" = "Filling up filesystems." 
    .. Running ("mount", "-t", "squashfs", "-o", "loop", "/bootmnt/kdeos/x86_64/root-image.sqfs", "/tmp/tmp2b5vbuwo/root-image") 
    .. Finished. Exit code: 0 output:
 mount: /tmp/tmp2b5vbuwo/root-image: WARNING: source write-protected, mounted read-only.
    .. Running ("udevadm", "settle") 
    .. Running ("sync") 
    .. Running ("unsquashfs", "-l", "/bootmnt/kdeos/x86_64/root-image.sqfs") 
    .. Running ("rsync", "-aHAXr", "--filter=-x trusted.overlay.*", "--exclude", "/proc/", "--exclude", "/sys/", "--exclude", "/dev/", "--exclude", "/run/", "--exclude", "/run/udev/", "--exclude", "/sys/firmware/efi/efivars/", "--progress", "/tmp/tmp2b5vbuwo/root-image/", "/tmp/calamares-root-knz_o1_y") 
21:12:32 [6]: virtual void Calamares::JobThread::run()
    Starting job "Generate machine-id." ( 14 / 42 ) 
    .. Running ("systemd-machine-id-setup") 
    .. Finished. Exit code: 0 output:
 Initializing machine ID from random generator.
    .. Running ("ln", "-sf", "/etc/machine-id", "/var/lib/dbus/machine-id") 
21:12:32 [6]: virtual void Calamares::JobThread::run()
    Starting job "fstab" ( 15 / 42 ) 
21:12:32 [6]: virtual Calamares::JobResult Calamares::PythonJob::exec()
    Job file "/usr/lib/calamares/modules/fstab/main.py" 
[PYTHON JOB]: Found gettext "en_US" in "/usr/share/locale/en_US" 
    .. Job description from pretty_name "fstab" = "Writing fstab." 
21:12:32 [6]: virtual void Calamares::JobThread::run()
    Starting job "Set timezone to America/New_York" ( 16 / 42 ) 
    .. Running ("rm", "-f", "/etc/localtime") 
    .. Running ("ln", "-s", "/usr/share/zoneinfo/America/New_York", "/etc/localtime") 
21:12:32 [6]: virtual void Calamares::JobThread::run()
    Starting job "Set keyboard model to pc105, layout to us-" ( 17 / 42 ) 
21:12:32 [6]: virtual Calamares::JobResult SetKeyboardLayoutJob::exec()
    Executing SetKeyboardLayoutJob 
21:12:32 [6]: bool SetKeyboardLayoutJob::writeVConsoleData(const QString&, const QString&) const
    Writing vconsole data to "/tmp/calamares-root-knz_o1_y/etc/vconsole.conf" 
21:12:32 [6]: QString SetKeyboardLayoutJob::findConvertedKeymap(const QString&) const
    Looking for converted keymap in "/tmp/calamares-root-knz_o1_y/lib/kbd/keymaps/xkb" 
21:12:32 [6]: QString findLegacyKeymap(const QString&, const QString&, const QString&)
    Looking for legacy keymap "us" "pc105" "" in QRC 
    .. Found legacy keymap "us" with score 11 
    .. Found legacy keymap "us-acentos" with score 11 
    .. Found legacy keymap "dvorak" with score 11 
    .. Found legacy keymap "dvorak" with score 11 
    .. Written KEYMAP= "us" to vconsole.conf 0 
21:12:32 [6]: bool SetKeyboardLayoutJob::writeX11Data(const QString&) const
    Writing X11 configuration to "/tmp/calamares-root-knz_o1_y/etc/X11/xorg.conf.d/00-keyboard.conf" 
    .. Written XkbLayout "us" ; XkbModel "pc105" ; XkbVariant "" to X.org file "/tmp/calamares-root-knz_o1_y/etc/X11/xorg.conf.d/00-keyboard.conf" 0 
21:12:32 [6]: bool SetKeyboardLayoutJob::writeDefaultKeyboardData(const QString&) const
    Writing default keyboard data to "/tmp/calamares-root-knz_o1_y/etc/default/keyboard" 
    .. Written XKBMODEL "pc105" ; XKBLAYOUT "us" ; XKBVARIANT "" to /etc/default/keyboard file "/tmp/calamares-root-knz_o1_y/etc/default/keyboard" 0 
21:12:32 [6]: virtual void Calamares::JobThread::run()
    Starting job "localecfg" ( 18 / 42 ) 
21:12:32 [6]: virtual Calamares::JobResult Calamares::PythonJob::exec()
    Job file "/usr/lib/calamares/modules/localecfg/main.py" 
[PYTHON JOB]: Found gettext "en_US" in "/usr/share/locale/en_US" 
    .. Job description from pretty_name "localecfg" = "Configuring locales." 
[PYTHON JOB]: "Restored backup /tmp/calamares-root-knz_o1_y/etc/locale.gen.bak -> /tmp/calamares-root-knz_o1_y/etc/locale.gen" 
    .. Running ("locale-gen") 
    .. Finished. Exit code: 0 output:
 Generating locales...
  en_US.UTF-8... done
Generation complete.
[PYTHON JOB]: "/tmp/calamares-root-knz_o1_y/etc/locale.gen done" 
[PYTHON JOB]: "/tmp/calamares-root-knz_o1_y/etc/locale.conf done" 
[PYTHON JOB]: "/tmp/calamares-root-knz_o1_y/etc/default done" 
21:12:33 [6]: virtual void Calamares::JobThread::run()
    Starting job "Configuring LUKS key file." ( 19 / 42 ) 
21:12:33 [6]: virtual Calamares::JobResult LuksBootKeyFileJob::exec()
    There are 0 LUKS partitions 
    .. Nothing to do for LUKS. 
21:12:33 [6]: virtual void Calamares::JobThread::run()
    Starting job "Configuring encrypted swap." ( 20 / 42 ) 
21:12:33 [6]: void write_openswap_conf(const QString&, QStringList&, const LOSHInfo&)
    Will not write an invalid configuration to "/etc/openswap.conf" 
21:12:33 [6]: virtual void Calamares::JobThread::run()
    Starting job "Skip writing LUKS configuration for Dracut: \"/\" partition is not encrypted" ( 21 / 42 ) 
21:12:33 [6]: virtual Calamares::JobResult DracutLuksCfgJob::exec()
    [DRACUTLUKSCFG]: / not encrypted, skipping 
21:12:33 [6]: virtual void Calamares::JobThread::run()
    Starting job "zfshostid" ( 22 / 42 ) 
21:12:33 [6]: virtual Calamares::JobResult Calamares::PythonJob::exec()
    Job file "/usr/lib/calamares/modules/zfshostid/main.py" 
[PYTHON JOB]: Found gettext "en_US" in "/usr/share/locale/en_US" 
    .. Job description from pretty_name "zfshostid" = "Copying zfs generated hostid." 
21:12:33 [2]: boost::python::api::object CalamaresPython::GlobalStoragePythonWrapper::value(const std::string&) const
    WARNING: Unknown GS key zfsDatasets 
21:12:33 [6]: virtual void Calamares::JobThread::run()
    Starting job "dracut" ( 23 / 42 ) 
21:12:33 [6]: virtual Calamares::JobResult Calamares::PythonJob::exec()
    Job file "/usr/lib/calamares/modules/dracut/main.py" 
[PYTHON JOB]: Found gettext "en_US" in "/usr/share/locale/en_US" 
    .. Job description from pretty_name "dracut" = "Creating initramfs with dracut." 
    .. Running ("dracut", "-f", "--hostonly", "--no-hostonly-cmdline", "/boot/initramfs-linux.img", "--no-early-microcode", "--zstd") 
    .. Finished. Exit code: 0 output:
 dracut: Executing: /usr/bin/dracut -f --hostonly --no-hostonly-cmdline /boot/initramfs-linux.img --no-early-microcode --zstd
dracut: dracut module 'connman' will not be installed, because command 'connmand' could not be found!
dracut: dracut module 'connman' will not be installed, because command 'connmanctl' could not be found!
dracut: dracut module 'connman' will not be installed, because command 'connmand-wait-online' could not be found!
dracut: dracut module 'tpm2-tss' will not be installed, because command 'tpm2' could not be found!
dracut: dracut module 'memstrack' will not be installed, because command 'memstrack' could not be found!
dracut: memstrack is not available
dracut: If you need to use rd.memdebug>=4, please install memstrack and procps-ng
dracut: dracut module 'connman' will not be installed, because command 'connmand' could not be found!
dracut: dracut module 'connman' will not be installed, because command 'connmanctl' could not be found!
dracut: dracut module 'connman' will not be installed, because command 'connmand-wait-online' could not be found!
dracut: dracut module 'tpm2-tss' will not be installed, because command 'tpm2' could not be found!
dracut: dracut module 'memstrack' will not be installed, because command 'memstrack' could not be found!
dracut: memstrack is not available
dracut: If you need to use rd.memdebug>=4, please install memstrack and procps-ng
dracut: *** Including module: systemd ***
dracut: *** Including module: systemd-initrd ***
dracut: *** Including module: i18n ***
dracut: *** Including module: kernel-modules ***
dracut: *** Including module: kernel-modules-extra ***
dracut: *** Including module: zfs ***
dracut: *** Including module: rootfs-block ***
dracut: *** Including module: terminfo ***
dracut: *** Including module: udev-rules ***
dracut: Skipping udev rule: 40-redhat.rules
dracut: Skipping udev rule: 50-firmware.rules
dracut: Skipping udev rule: 50-udev.rules
dracut: Skipping udev rule: 91-permissions.rules
dracut: Skipping udev rule: 80-drivers-modprobe.rules
dracut: Skipping udev rule: 70-persistent-net.rules
dracut: *** Including module: dracut-systemd ***
dracut: *** Including module: usrmount ***
dracut: *** Including module: base ***
dracut: *** Including module: fs-lib ***
dracut: *** Including module: shutdown ***
dracut: *** Including modules done ***
dracut: *** Installing kernel module dependencies ***
dracut: *** Installing kernel module dependencies done ***
dracut: *** Resolving executable dependencies ***
dracut: *** Resolving executable dependencies done ***
dracut: *** Hardlinking files ***
dracut: Mode:                     real
dracut: Method:                   sha256
dracut: Files:                    770
dracut: Linked:                   2 files
dracut: Compared:                 0 xattrs
dracut: Compared:                 21 files
dracut: Saved:                    327.6 KiB
dracut: Duration:                 0.005617 seconds
dracut: *** Hardlinking files done ***
dracut: *** Store current command line parameters ***
dracut: *** Stripping files ***
dracut: *** Stripping files done ***
dracut: *** Creating image file '/boot/initramfs-linux.img' ***
dracut: *** Creating initramfs image file '/boot/initramfs-linux.img' done ***
21:12:39 [6]: virtual void Calamares::JobThread::run()
    Starting job "Configure <pre>sudo</pre> users." ( 24 / 42 ) 
21:12:39 [6]: virtual void Calamares::JobThread::run()
    Starting job "Preparing groups." ( 25 / 42 ) 
    .. Running ("groupadd", "lpadmin") 
21:12:39 [6]: virtual void Calamares::JobThread::run()
    Starting job "Create user mparillo" ( 26 / 42 ) 
21:12:39 [6]: virtual Calamares::JobResult CreateUserJob::exec()
    [CREATEUSER]: creating user 
    .. Running ("useradd", "-m", "-U", "-s", "/bin/bash", "-c", "Marco A Parillo", "mparillo") 
    .. Running "usermod" "-aG" "users,lp,video,network,storage,wheel,audio,lpadmin" "mparillo" 
    .. Running ("chown", "-R", "mparillo:mparillo", "/home/mparillo") 
21:12:39 [6]: virtual void Calamares::JobThread::run()
    Starting job "Set password for user mparillo" ( 27 / 42 ) 
    .. Running "usermod" "-p" <password> "mparillo" 
21:12:39 [6]: virtual void Calamares::JobThread::run()
    Starting job "Set password for user root" ( 28 / 42 ) 
    .. Running "usermod" "-p" <password> "root" 
21:12:39 [6]: virtual void Calamares::JobThread::run()
    Starting job "Set hostname marco-latitude5420" ( 29 / 42 ) 
21:12:39 [6]: virtual void Calamares::JobThread::run()
    Starting job "networkcfg" ( 30 / 42 ) 
21:12:39 [6]: virtual Calamares::JobResult Calamares::PythonJob::exec()
    Job file "/usr/lib/calamares/modules/networkcfg/main.py" 
[PYTHON JOB]: Found gettext "en_US" in "/usr/share/locale/en_US" 
    .. Job description from pretty_name "networkcfg" = "Saving network configuration." 
21:12:39 [6]: virtual void Calamares::JobThread::run()
    Starting job "grubconf" ( 31 / 42 ) 
21:12:39 [6]: virtual Calamares::JobResult Calamares::PythonJob::exec()
    Job file "/usr/lib/calamares/modules/grubconf/main.py" 
21:12:39 [6]: virtual void Calamares::JobThread::run()
    Starting job "kdm_sddm" ( 32 / 42 ) 
21:12:39 [6]: virtual Calamares::JobResult Calamares::PythonJob::exec()
    Job file "/usr/lib/calamares/modules/kdm_sddm/main.py" 
    .. Job description from __doc__ "kdm_sddm" = "Configure display managers" 
21:12:39 [2]: boost::python::api::object CalamaresPython::GlobalStoragePythonWrapper::value(const std::string&) const
    WARNING: Unknown GS key autoLoginUser 
21:12:39 [6]: virtual void Calamares::JobThread::run()
    Starting job "userkf5" ( 33 / 42 ) 
21:12:39 [6]: virtual Calamares::JobResult Calamares::PythonJob::exec()
    Job file "/usr/lib/calamares/modules/userkf5/main.py" 
    .. Job description from __doc__ "userkf5" = "Create Distribution specific settings for users" 
    .. Running ("/usr/bin/mkdir", "-p", "/home/mparillo/Desktop") 
    .. Running ("/usr/bin/mkdir", "-p", "/home/mparillo/.config") 
    .. Running ("/usr/bin/mkdir", "-p", "/home/mparillo/.local/share/applications/") 
    .. Running ("/usr/bin/mkdir", "-p", "/home/mparillo/.local/share/konqueror") 
    .. Running ("/usr/bin/mkdir", "-p", "/home/mparillo/.local/share/konsole") 
    .. Running ("/usr/bin/mkdir", "-p", "/home/mparillo/.config/autostart") 
    .. Running ("/usr/bin/mkdir", "-p", "/home/mparillo/.config/plasma-workspace/env") 
    .. Running ("/usr/bin/mkdir", "-p", "/home/mparillo/.config/Kvantum") 
    .. Running ("chown", "-R", "mparillo:users", "/home/mparillo") 
    .. Running ("setcap", "cap_net_raw=ep", "/usr/bin/ping") 
Python Error:
 <class 'AttributeError'> 
 'NoneType' object has no attribute 'group' 
 File "/usr/lib/calamares/modules/userkf5/main.py", line 129, in run
    print (m.group(0)) 
 
21:12:40 [6]: virtual void Calamares::JobThread::run()
    Skipping non-emergency job "driver_cleanup" 
    ..  Skipping non-emergency job "nonfree_drivers" 
    ..  Skipping non-emergency job "package_removal" 
    ..  Skipping non-emergency job "services" 
    ..  Skipping non-emergency job "systemd-boot" 
    ..  Skipping non-emergency job "refind" 
    ..  Skipping non-emergency job "grub" 
    ..  Skipping non-emergency job "gummi_entries" 
    ..  Skipping non-emergency job "umount" 
21:12:40 [1]: void Calamares::ViewManager::onInstallationFailed(const QString&, const QString&)
    ERROR: Installation failed: "Boost.Python error in job \"userkf5\"." 
    .. - message: "Boost.Python error in job \"userkf5\"." 
    .. - details: <div><strong>&lt;class 'AttributeError'&gt;</strong></div><div>'NoneType' object has no attribute 'group'</div><div><br/>Traceback:</div><div><pre>File &quot;/usr/lib/calamares/modules/userkf5/main.py&quot;, line 129, in run
    print (m.group(0))</pre></div>
21:12:40 [6]: void Calamares::ViewManager::onInstallationFailed(const QString&, const QString&)
    Calamares will quit when the dialog closes. 
21:12:40 [6]: Slideshow) deactivated
21:12:40 [6]: void Config::doNotify(bool, bool)
    Notification not sent; completion: failed 
21:22:59 [6]: void Config::doRestart(bool)
    mode= "never"  user wants restart? false force restart? false 
Shutting down Calamares... 
Finished shutdown. 
